[     100ms] [LOG] [Mini-App] Launching 华南师范大学 (华南师大) @ http://localhost:3002/src/App.vue?t=1779092659266:12
[  388093ms] [WARNING] [Vue warn]: Unhandled error during execution of unmounted hook 
 at <Index>
at <AsyncComponentWrapper>
at <PageBody>
at <Page>
at <Anonymous>
at <KeepAlive>
at <RouterView>
at <Layout>
at <App> @ http://localhost:3002/node_modules/@dcloudio/uni-h5/dist/uni-h5.es.js:16578
[  388093ms] [ERROR] TypeError: this.socket.close is not a function
    at WebSocketManager.disconnect (http://localhost:3002/src/utils/websocket.ts?t=1779092659266:133:19)
    at Proxy.disconnect (http://localhost:3002/src/stores/chat.ts?t=1779094218430:97:15)
    at Proxy.wrappedAction (http://localhost:3002/node_modules/pinia/dist/pinia.mjs:1069:18)
    at store.<computed> (http://localhost:3002/node_modules/pinia/dist/pinia.mjs:747:44)
    at http://localhost:3002/src/pages/chat/index.vue?t=1779094218430:53:17
    at http://localhost:3002/node_modules/@dcloudio/uni-h5-vue/dist/vue.runtime.esm.js:4163:88
    at callWithErrorHandling (http://localhost:3002/node_modules/@dcloudio/uni-h5-vue/dist/vue.runtime.esm.js:1381:19)
    at callWithAsyncErrorHandling (http://localhost:3002/node_modules/@dcloudio/uni-h5-vue/dist/vue.runtime.esm.js:1388:17)
    at hook.__weh.hook.__weh (http://localhost:3002/node_modules/@dcloudio/uni-h5-vue/dist/vue.runtime.esm.js:4141:19)
    at flushPostFlushCbs (http://localhost:3002/node_modules/@dcloudio/uni-h5-vue/dist/vue.runtime.esm.js:1553:41) @ http://localhost:3002/node_modules/@dcloudio/uni-h5-vue/dist/vue.runtime.esm.js:1442
[  422051ms] [WARNING] [Vue warn]: Unhandled error during execution of unmounted hook 
 at <Index>
at <AsyncComponentWrapper>
at <PageBody>
at <Page>
at <Anonymous>
at <KeepAlive>
at <RouterView>
at <Layout>
at <App> @ http://localhost:3002/node_modules/@dcloudio/uni-h5/dist/uni-h5.es.js:16578
[  422051ms] [ERROR] TypeError: this.socket.close is not a function
    at WebSocketManager.disconnect (http://localhost:3002/src/utils/websocket.ts?t=1779092659266:133:19)
    at Proxy.disconnect (http://localhost:3002/src/stores/chat.ts?t=1779094218430:97:15)
    at Proxy.wrappedAction (http://localhost:3002/node_modules/pinia/dist/pinia.mjs:1069:18)
    at store.<computed> (http://localhost:3002/node_modules/pinia/dist/pinia.mjs:747:44)
    at http://localhost:3002/src/pages/chat/index.vue?t=1779095074756:53:17
    at http://localhost:3002/node_modules/@dcloudio/uni-h5-vue/dist/vue.runtime.esm.js:4163:88
    at callWithErrorHandling (http://localhost:3002/node_modules/@dcloudio/uni-h5-vue/dist/vue.runtime.esm.js:1381:19)
    at callWithAsyncErrorHandling (http://localhost:3002/node_modules/@dcloudio/uni-h5-vue/dist/vue.runtime.esm.js:1388:17)
    at hook.__weh.hook.__weh (http://localhost:3002/node_modules/@dcloudio/uni-h5-vue/dist/vue.runtime.esm.js:4141:19)
    at flushPostFlushCbs (http://localhost:3002/node_modules/@dcloudio/uni-h5-vue/dist/vue.runtime.esm.js:1553:41) @ http://localhost:3002/node_modules/@dcloudio/uni-h5-vue/dist/vue.runtime.esm.js:1442
[  435561ms] [WARNING] [Vue warn]: Unhandled error during execution of unmounted hook 
 at <Index>
at <AsyncComponentWrapper>
at <PageBody>
at <Page>
at <Anonymous>
at <KeepAlive>
at <RouterView>
at <Layout>
at <App> @ http://localhost:3002/node_modules/@dcloudio/uni-h5/dist/uni-h5.es.js:16578
[  435561ms] [ERROR] TypeError: this.socket.close is not a function
    at WebSocketManager.disconnect (http://localhost:3002/src/utils/websocket.ts?t=1779092659266:133:19)
    at Proxy.disconnect (http://localhost:3002/src/stores/chat.ts?t=1779094218430:97:15)
    at Proxy.wrappedAction (http://localhost:3002/node_modules/pinia/dist/pinia.mjs:1069:18)
    at store.<computed> (http://localhost:3002/node_modules/pinia/dist/pinia.mjs:747:44)
    at http://localhost:3002/src/pages/chat/index.vue?t=1779095108720:53:17
    at http://localhost:3002/node_modules/@dcloudio/uni-h5-vue/dist/vue.runtime.esm.js:4163:88
    at callWithErrorHandling (http://localhost:3002/node_modules/@dcloudio/uni-h5-vue/dist/vue.runtime.esm.js:1381:19)
    at callWithAsyncErrorHandling (http://localhost:3002/node_modules/@dcloudio/uni-h5-vue/dist/vue.runtime.esm.js:1388:17)
    at hook.__weh.hook.__weh (http://localhost:3002/node_modules/@dcloudio/uni-h5-vue/dist/vue.runtime.esm.js:4141:19)
    at flushPostFlushCbs (http://localhost:3002/node_modules/@dcloudio/uni-h5-vue/dist/vue.runtime.esm.js:1553:41) @ http://localhost:3002/node_modules/@dcloudio/uni-h5-vue/dist/vue.runtime.esm.js:1442
[  446995ms] [WARNING] [Vue warn]: Unhandled error during execution of unmounted hook 
 at <Index>
at <AsyncComponentWrapper>
at <PageBody>
at <Page>
at <Anonymous>
at <KeepAlive>
at <RouterView>
at <Layout>
at <App> @ http://localhost:3002/node_modules/@dcloudio/uni-h5/dist/uni-h5.es.js:16578
[  446996ms] [ERROR] TypeError: this.socket.close is not a function
    at WebSocketManager.disconnect (http://localhost:3002/src/utils/websocket.ts?t=1779092659266:133:19)
    at Proxy.disconnect (http://localhost:3002/src/stores/chat.ts?t=1779094218430:97:15)
    at Proxy.wrappedAction (http://localhost:3002/node_modules/pinia/dist/pinia.mjs:1069:18)
    at store.<computed> (http://localhost:3002/node_modules/pinia/dist/pinia.mjs:747:44)
    at http://localhost:3002/src/pages/chat/index.vue?t=1779095122236:53:17
    at http://localhost:3002/node_modules/@dcloudio/uni-h5-vue/dist/vue.runtime.esm.js:4163:88
    at callWithErrorHandling (http://localhost:3002/node_modules/@dcloudio/uni-h5-vue/dist/vue.runtime.esm.js:1381:19)
    at callWithAsyncErrorHandling (http://localhost:3002/node_modules/@dcloudio/uni-h5-vue/dist/vue.runtime.esm.js:1388:17)
    at hook.__weh.hook.__weh (http://localhost:3002/node_modules/@dcloudio/uni-h5-vue/dist/vue.runtime.esm.js:4141:19)
    at flushPostFlushCbs (http://localhost:3002/node_modules/@dcloudio/uni-h5-vue/dist/vue.runtime.esm.js:1553:41) @ http://localhost:3002/node_modules/@dcloudio/uni-h5-vue/dist/vue.runtime.esm.js:1442
[  460364ms] [WARNING] [Vue warn]: Unhandled error during execution of unmounted hook 
 at <Index>
at <AsyncComponentWrapper>
at <PageBody>
at <Page>
at <Anonymous>
at <KeepAlive>
at <RouterView>
at <Layout>
at <App> @ http://localhost:3002/node_modules/@dcloudio/uni-h5/dist/uni-h5.es.js:16578
[  460365ms] [ERROR] TypeError: this.socket.close is not a function
    at WebSocketManager.disconnect (http://localhost:3002/src/utils/websocket.ts?t=1779092659266:133:19)
    at Proxy.disconnect (http://localhost:3002/src/stores/chat.ts?t=1779094218430:97:15)
    at Proxy.wrappedAction (http://localhost:3002/node_modules/pinia/dist/pinia.mjs:1069:18)
    at store.<computed> (http://localhost:3002/node_modules/pinia/dist/pinia.mjs:747:44)
    at http://localhost:3002/src/pages/chat/index.vue?t=1779095133668:53:17
    at http://localhost:3002/node_modules/@dcloudio/uni-h5-vue/dist/vue.runtime.esm.js:4163:88
    at callWithErrorHandling (http://localhost:3002/node_modules/@dcloudio/uni-h5-vue/dist/vue.runtime.esm.js:1381:19)
    at callWithAsyncErrorHandling (http://localhost:3002/node_modules/@dcloudio/uni-h5-vue/dist/vue.runtime.esm.js:1388:17)
    at hook.__weh.hook.__weh (http://localhost:3002/node_modules/@dcloudio/uni-h5-vue/dist/vue.runtime.esm.js:4141:19)
    at flushPostFlushCbs (http://localhost:3002/node_modules/@dcloudio/uni-h5-vue/dist/vue.runtime.esm.js:1553:41) @ http://localhost:3002/node_modules/@dcloudio/uni-h5-vue/dist/vue.runtime.esm.js:1442
[  472780ms] [WARNING] [Vue warn]: Unhandled error during execution of unmounted hook 
 at <Index>
at <AsyncComponentWrapper>
at <PageBody>
at <Page>
at <Anonymous>
at <KeepAlive>
at <RouterView>
at <Layout>
at <App> @ http://localhost:3002/node_modules/@dcloudio/uni-h5/dist/uni-h5.es.js:16578
[  472780ms] [ERROR] TypeError: this.socket.close is not a function
    at WebSocketManager.disconnect (http://localhost:3002/src/utils/websocket.ts?t=1779092659266:133:19)
    at Proxy.disconnect (http://localhost:3002/src/stores/chat.ts?t=1779094218430:97:15)
    at Proxy.wrappedAction (http://localhost:3002/node_modules/pinia/dist/pinia.mjs:1069:18)
    at store.<computed> (http://localhost:3002/node_modules/pinia/dist/pinia.mjs:747:44)
    at http://localhost:3002/src/pages/chat/index.vue?t=1779095147034:53:17
    at http://localhost:3002/node_modules/@dcloudio/uni-h5-vue/dist/vue.runtime.esm.js:4163:88
    at callWithErrorHandling (http://localhost:3002/node_modules/@dcloudio/uni-h5-vue/dist/vue.runtime.esm.js:1381:19)
    at callWithAsyncErrorHandling (http://localhost:3002/node_modules/@dcloudio/uni-h5-vue/dist/vue.runtime.esm.js:1388:17)
    at hook.__weh.hook.__weh (http://localhost:3002/node_modules/@dcloudio/uni-h5-vue/dist/vue.runtime.esm.js:4141:19)
    at flushPostFlushCbs (http://localhost:3002/node_modules/@dcloudio/uni-h5-vue/dist/vue.runtime.esm.js:1553:41) @ http://localhost:3002/node_modules/@dcloudio/uni-h5-vue/dist/vue.runtime.esm.js:1442
